{"uid":"67cb0220efed6fb4","name":"Проверка невозможности создания проекта без имени","fullName":"tests.frontend.test_e2e_create_project.TestCreateProjectE2E#test_error_on_project_creation_without_name","historyId":"91dc49a8638b5142a4c3b5c3df7e02f6","time":{"start":1711282588286,"stop":1711282594234,"duration":5948},"status":"failed","statusMessage":"AssertionError: Locator expected to have text 'Project name is empty'\nActual value:  \nCall log:\nLocatorAssertions.to_have_text with timeout 5000ms\n  - waiting for locator(\"#errorName\")\n  -   locator resolved to <span class=\"error\" id=\"errorName\"></span>\n  -   unexpected value \"\"\n  -   locator resolved to <span class=\"error\" id=\"errorName\"></span>\n  -   unexpected value \"\"\n  -   locator resolved to <span class=\"error\" id=\"errorName\"></span>\n  -   unexpected value \"\"\n  -   locator resolved to <span class=\"error\" id=\"errorName\"></span>\n  -   unexpected value \"\"\n  -   locator resolved to <span class=\"error\" id=\"errorName\"></span>\n  -   unexpected value \"\"\n  -   locator resolved to <span class=\"error\" id=\"errorName\"></span>\n  -   unexpected value \"\"\n  -   locator resolved to <span class=\"error\" id=\"errorName\"></span>\n  -   unexpected value \"\"\n  -   locator resolved to <span class=\"error\" id=\"errorName\"></span>\n  -   unexpected value \"\"\n  -   locator resolved to <span class=\"error\" id=\"errorName\"></span>\n  -   unexpected value \"\"","statusTrace":"self = <test_e2e_create_project.TestCreateProjectE2E object at 0x7f221f3e11e0>\npage = <Page url='http://localhost:8111/admin/createObjectMenu.html?projectId=_Root&showMode=createProjectMenu&cameFromUrl=http%3A%2F%2Flocalhost%3A8111%2Ffavorite%2Fprojects#createManually'>\nlogin = None\n\n    @allure.feature('Управление проектами')\n    @allure.story('Создание проекта')\n    @allure.severity(allure.severity_level.NORMAL)\n    @allure.title('Проверка невозможности создания проекта без имени')\n    def test_error_on_project_creation_without_name(self, page, login):\n    \n        create_project_page = CreateProjectPage(page)\n        create_project_page.go_to_creation_page()\n        create_project_page.create_manually_form.click_create_project_button()\n>       create_project_page.create_manually_form.check_name_error(\"Project name is empty\")\n\ntests/frontend/test_e2e_create_project.py:129: \n_ _ _ _ _ _ _ _ _ _ _ _ _ _ _ _ _ _ _ _ _ _ _ _ _ _ _ _ _ _ _ _ _ _ _ _ _ _ _ _ \npages/create_project_page.py:59: in check_name_error\n    self.actions.assert_text_in_element(self.name_error_selector, error_text)\n_ _ _ _ _ _ _ _ _ _ _ _ _ _ _ _ _ _ _ _ _ _ _ _ _ _ _ _ _ _ _ _ _ _ _ _ _ _ _ _ \n\nself = <pages.actions.page_actions.PageActions object at 0x7f221f20c730>\nselector = '#errorName', text = 'Project name is empty'\n\n    def assert_text_in_element(self, selector, text):\n        with allure.step(f\"Проверка наличия текста '{text}'в элементe {selector}\"):\n>           expect(self.page.locator(selector)).to_have_text(text)\nE           AssertionError: Locator expected to have text 'Project name is empty'\nE           Actual value:  \nE           Call log:\nE           LocatorAssertions.to_have_text with timeout 5000ms\nE             - waiting for locator(\"#errorName\")\nE             -   locator resolved to <span class=\"error\" id=\"errorName\"></span>\nE             -   unexpected value \"\"\nE             -   locator resolved to <span class=\"error\" id=\"errorName\"></span>\nE             -   unexpected value \"\"\nE             -   locator resolved to <span class=\"error\" id=\"errorName\"></span>\nE             -   unexpected value \"\"\nE             -   locator resolved to <span class=\"error\" id=\"errorName\"></span>\nE             -   unexpected value \"\"\nE             -   locator resolved to <span class=\"error\" id=\"errorName\"></span>\nE             -   unexpected value \"\"\nE             -   locator resolved to <span class=\"error\" id=\"errorName\"></span>\nE             -   unexpected value \"\"\nE             -   locator resolved to <span class=\"error\" id=\"errorName\"></span>\nE             -   unexpected value \"\"\nE             -   locator resolved to <span class=\"error\" id=\"errorName\"></span>\nE             -   unexpected value \"\"\nE             -   locator resolved to <span class=\"error\" id=\"errorName\"></span>\nE             -   unexpected value \"\"\n\npages/actions/page_actions.py:65: AssertionError","flaky":false,"newFailed":false,"newBroken":false,"newPassed":false,"retriesCount":0,"retriesStatusChange":false,"beforeStages":[{"name":"_session_faker","time":{"start":1711282365470,"stop":1711282365491,"duration":21},"status":"passed","steps":[],"attachments":[],"parameters":[],"shouldDisplayMessage":false,"stepsCount":0,"attachmentsCount":0,"hasContent":false},{"name":"page","time":{"start":1711282585970,"stop":1711282586402,"duration":432},"status":"passed","steps":[],"attachments":[],"parameters":[],"shouldDisplayMessage":false,"stepsCount":0,"attachmentsCount":0,"hasContent":false},{"name":"login","time":{"start":1711282586402,"stop":1711282588285,"duration":1883},"status":"passed","steps":[{"name":"Логин в приложение","time":{"start":1711282586403,"stop":1711282587101,"duration":698},"status":"passed","steps":[{"name":"Переход на страницу логина","time":{"start":1711282586403,"stop":1711282586948,"duration":545},"status":"passed","steps":[{"name":"Переход на URL: http://localhost:8111/login.html","time":{"start":1711282586403,"stop":1711282586943,"duration":540},"status":"passed","steps":[],"attachments":[],"parameters":[],"shouldDisplayMessage":false,"stepsCount":0,"attachmentsCount":0,"hasContent":false},{"name":"Ожидание загрузки страницы","time":{"start":1711282586943,"stop":1711282586948,"duration":5},"status":"passed","steps":[],"attachments":[],"parameters":[],"shouldDisplayMessage":false,"stepsCount":0,"attachmentsCount":0,"hasContent":false}],"attachments":[],"parameters":[],"shouldDisplayMessage":false,"stepsCount":2,"attachmentsCount":0,"hasContent":true},{"name":"Ввод username","time":{"start":1711282586948,"stop":1711282587014,"duration":66},"status":"passed","steps":[{"name":"Ожидаем повяления селектора: input#username","time":{"start":1711282586948,"stop":1711282586997,"duration":49},"status":"passed","steps":[],"attachments":[],"parameters":[],"shouldDisplayMessage":false,"stepsCount":0,"attachmentsCount":0,"hasContent":false},{"name":"ввод текста 'admin' в элемент: input#username","time":{"start":1711282586997,"stop":1711282587014,"duration":17},"status":"passed","steps":[],"attachments":[],"parameters":[],"shouldDisplayMessage":false,"stepsCount":0,"attachmentsCount":0,"hasContent":false}],"attachments":[],"parameters":[],"shouldDisplayMessage":false,"stepsCount":2,"attachmentsCount":0,"hasContent":true},{"name":"Ввод password","time":{"start":1711282587014,"stop":1711282587043,"duration":29},"status":"passed","steps":[{"name":"Ожидаем повяления селектора: input#password","time":{"start":1711282587014,"stop":1711282587025,"duration":11},"status":"passed","steps":[],"attachments":[],"parameters":[],"shouldDisplayMessage":false,"stepsCount":0,"attachmentsCount":0,"hasContent":false},{"name":"ввод текста 'admin' в элемент: input#password","time":{"start":1711282587025,"stop":1711282587042,"duration":17},"status":"passed","steps":[],"attachments":[],"parameters":[],"shouldDisplayMessage":false,"stepsCount":0,"attachmentsCount":0,"hasContent":false}],"attachments":[],"parameters":[],"shouldDisplayMessage":false,"stepsCount":2,"attachmentsCount":0,"hasContent":true},{"name":"Нажатие кнопки Log in","time":{"start":1711282587043,"stop":1711282587101,"duration":58},"status":"passed","steps":[{"name":"Клик по элементу: input.btn.loginButton","time":{"start":1711282587043,"stop":1711282587101,"duration":58},"status":"passed","steps":[],"attachments":[],"parameters":[],"shouldDisplayMessage":false,"stepsCount":0,"attachmentsCount":0,"hasContent":false}],"attachments":[],"parameters":[],"shouldDisplayMessage":false,"stepsCount":1,"attachmentsCount":0,"hasContent":true}],"attachments":[],"parameters":[{"name":"username","value":"'admin'"},{"name":"password","value":"'admin'"}],"shouldDisplayMessage":false,"stepsCount":11,"attachmentsCount":0,"hasContent":true},{"name":"Проверка URL страницы favorite projects","time":{"start":1711282587102,"stop":1711282587811,"duration":709},"status":"passed","steps":[{"name":"Ожидание изменения URL на http://localhost:8111/favorite/projects","time":{"start":1711282587102,"stop":1711282587802,"duration":700},"status":"passed","steps":[],"attachments":[],"parameters":[],"shouldDisplayMessage":false,"stepsCount":0,"attachmentsCount":0,"hasContent":false},{"name":"Ожидание загрузки страницы","time":{"start":1711282587802,"stop":1711282587811,"duration":9},"status":"passed","steps":[],"attachments":[],"parameters":[],"shouldDisplayMessage":false,"stepsCount":0,"attachmentsCount":0,"hasContent":false}],"attachments":[],"parameters":[],"shouldDisplayMessage":false,"stepsCount":2,"attachmentsCount":0,"hasContent":true},{"name":"Проверка видимости элемента User Avatar","time":{"start":1711282587811,"stop":1711282588285,"duration":474},"status":"passed","steps":[{"name":"Проверка видимости элемента: [data-test=\"avatar\"]","time":{"start":1711282587811,"stop":1711282588285,"duration":474},"status":"passed","steps":[],"attachments":[],"parameters":[],"shouldDisplayMessage":false,"stepsCount":0,"attachmentsCount":0,"hasContent":false}],"attachments":[],"parameters":[],"shouldDisplayMessage":false,"stepsCount":1,"attachmentsCount":0,"hasContent":true}],"attachments":[],"parameters":[],"shouldDisplayMessage":false,"stepsCount":17,"attachmentsCount":0,"hasContent":true}],"testStage":{"status":"failed","statusMessage":"AssertionError: Locator expected to have text 'Project name is empty'\nActual value:  \nCall log:\nLocatorAssertions.to_have_text with timeout 5000ms\n  - waiting for locator(\"#errorName\")\n  -   locator resolved to <span class=\"error\" id=\"errorName\"></span>\n  -   unexpected value \"\"\n  -   locator resolved to <span class=\"error\" id=\"errorName\"></span>\n  -   unexpected value \"\"\n  -   locator resolved to <span class=\"error\" id=\"errorName\"></span>\n  -   unexpected value \"\"\n  -   locator resolved to <span class=\"error\" id=\"errorName\"></span>\n  -   unexpected value \"\"\n  -   locator resolved to <span class=\"error\" id=\"errorName\"></span>\n  -   unexpected value \"\"\n  -   locator resolved to <span class=\"error\" id=\"errorName\"></span>\n  -   unexpected value \"\"\n  -   locator resolved to <span class=\"error\" id=\"errorName\"></span>\n  -   unexpected value \"\"\n  -   locator resolved to <span class=\"error\" id=\"errorName\"></span>\n  -   unexpected value \"\"\n  -   locator resolved to <span class=\"error\" id=\"errorName\"></span>\n  -   unexpected value \"\"","statusTrace":"self = <test_e2e_create_project.TestCreateProjectE2E object at 0x7f221f3e11e0>\npage = <Page url='http://localhost:8111/admin/createObjectMenu.html?projectId=_Root&showMode=createProjectMenu&cameFromUrl=http%3A%2F%2Flocalhost%3A8111%2Ffavorite%2Fprojects#createManually'>\nlogin = None\n\n    @allure.feature('Управление проектами')\n    @allure.story('Создание проекта')\n    @allure.severity(allure.severity_level.NORMAL)\n    @allure.title('Проверка невозможности создания проекта без имени')\n    def test_error_on_project_creation_without_name(self, page, login):\n    \n        create_project_page = CreateProjectPage(page)\n        create_project_page.go_to_creation_page()\n        create_project_page.create_manually_form.click_create_project_button()\n>       create_project_page.create_manually_form.check_name_error(\"Project name is empty\")\n\ntests/frontend/test_e2e_create_project.py:129: \n_ _ _ _ _ _ _ _ _ _ _ _ _ _ _ _ _ _ _ _ _ _ _ _ _ _ _ _ _ _ _ _ _ _ _ _ _ _ _ _ \npages/create_project_page.py:59: in check_name_error\n    self.actions.assert_text_in_element(self.name_error_selector, error_text)\n_ _ _ _ _ _ _ _ _ _ _ _ _ _ _ _ _ _ _ _ _ _ _ _ _ _ _ _ _ _ _ _ _ _ _ _ _ _ _ _ \n\nself = <pages.actions.page_actions.PageActions object at 0x7f221f20c730>\nselector = '#errorName', text = 'Project name is empty'\n\n    def assert_text_in_element(self, selector, text):\n        with allure.step(f\"Проверка наличия текста '{text}'в элементe {selector}\"):\n>           expect(self.page.locator(selector)).to_have_text(text)\nE           AssertionError: Locator expected to have text 'Project name is empty'\nE           Actual value:  \nE           Call log:\nE           LocatorAssertions.to_have_text with timeout 5000ms\nE             - waiting for locator(\"#errorName\")\nE             -   locator resolved to <span class=\"error\" id=\"errorName\"></span>\nE             -   unexpected value \"\"\nE             -   locator resolved to <span class=\"error\" id=\"errorName\"></span>\nE             -   unexpected value \"\"\nE             -   locator resolved to <span class=\"error\" id=\"errorName\"></span>\nE             -   unexpected value \"\"\nE             -   locator resolved to <span class=\"error\" id=\"errorName\"></span>\nE             -   unexpected value \"\"\nE             -   locator resolved to <span class=\"error\" id=\"errorName\"></span>\nE             -   unexpected value \"\"\nE             -   locator resolved to <span class=\"error\" id=\"errorName\"></span>\nE             -   unexpected value \"\"\nE             -   locator resolved to <span class=\"error\" id=\"errorName\"></span>\nE             -   unexpected value \"\"\nE             -   locator resolved to <span class=\"error\" id=\"errorName\"></span>\nE             -   unexpected value \"\"\nE             -   locator resolved to <span class=\"error\" id=\"errorName\"></span>\nE             -   unexpected value \"\"\n\npages/actions/page_actions.py:65: AssertionError","steps":[{"name":"Переход на страницу создания проекта","time":{"start":1711282588286,"stop":1711282588982,"duration":696},"status":"passed","steps":[{"name":"Переход на URL: http://localhost:8111/admin/createObjectMenu.html?projectId=_Root&showMode=createProjectMenu&cameFromUrl=http%3A%2F%2Flocalhost%3A8111%2Ffavorite%2Fprojects","time":{"start":1711282588286,"stop":1711282588962,"duration":676},"status":"passed","steps":[],"attachments":[],"parameters":[],"shouldDisplayMessage":false,"stepsCount":0,"attachmentsCount":0,"hasContent":false},{"name":"Ожидание загрузки страницы","time":{"start":1711282588962,"stop":1711282588982,"duration":20},"status":"passed","steps":[],"attachments":[],"parameters":[],"shouldDisplayMessage":false,"stepsCount":0,"attachmentsCount":0,"hasContent":false}],"attachments":[],"parameters":[],"shouldDisplayMessage":false,"stepsCount":2,"attachmentsCount":0,"hasContent":true},{"name":"Нажатие кнопки создания проекта","time":{"start":1711282588982,"stop":1711282589213,"duration":231},"status":"passed","steps":[{"name":"Клик по элементу: input#createProject","time":{"start":1711282588982,"stop":1711282589213,"duration":231},"status":"passed","steps":[],"attachments":[],"parameters":[],"shouldDisplayMessage":false,"stepsCount":0,"attachmentsCount":0,"hasContent":false}],"attachments":[],"parameters":[],"shouldDisplayMessage":false,"stepsCount":1,"attachmentsCount":0,"hasContent":true},{"name":"Проверка текста ошибки Project name is empty под полем Name","time":{"start":1711282589213,"stop":1711282594233,"duration":5020},"status":"failed","statusMessage":"AssertionError: Locator expected to have text 'Project name is empty'\nActual value:  \nCall log:\nLocatorAssertions.to_have_text with timeout 5000ms\n  - waiting for locator(\"#errorName\")\n  -   locator resolved to <span class=\"error\" id=\"errorName\"></span>\n  -   unexpected value \"\"\n  -   locator resolved to <span class=\"error\" id=\"errorName\"></span>\n  -   unexpected value \"\"\n  -   locator resolved to <span class=\"error\" id=\"errorName\"></span>\n  -   unexpected value \"\"\n  -   locator resolved to <span class=\"error\" id=\"errorName\"></span>\n  -   unexpected value \"\"\n  -   locator resolved to <span class=\"error\" id=\"errorName\"></span>\n  -   unexpected value \"\"\n  -   locator resolved to <span class=\"error\" id=\"errorName\"></span>\n  -   unexpected value \"\"\n  -   locator resolved to <span class=\"error\" id=\"errorName\"></span>\n  -   unexpected value \"\"\n  -   locator resolved to <span class=\"error\" id=\"errorName\"></span>\n  -   unexpected value \"\"\n  -   locator resolved to <span class=\"error\" id=\"errorName\"></span>\n  -   unexpected value \"\"\n\n","statusTrace":"  File \"/home/runner/work/team-city-workshop/team-city-workshop/pages/create_project_page.py\", line 59, in check_name_error\n    self.actions.assert_text_in_element(self.name_error_selector, error_text)\n  File \"/home/runner/work/team-city-workshop/team-city-workshop/pages/actions/page_actions.py\", line 65, in assert_text_in_element\n    expect(self.page.locator(selector)).to_have_text(text)\n  File \"/home/runner/.local/lib/python3.10/site-packages/playwright/sync_api/_generated.py\", line 18929, in to_have_text\n    self._sync(\n  File \"/home/runner/.local/lib/python3.10/site-packages/playwright/_impl/_sync_base.py\", line 113, in _sync\n    return task.result()\n  File \"/home/runner/.local/lib/python3.10/site-packages/playwright/_impl/_assertions.py\", line 471, in to_have_text\n    await self._expect_impl(\n  File \"/home/runner/.local/lib/python3.10/site-packages/playwright/_impl/_assertions.py\", line 70, in _expect_impl\n    raise AssertionError(\n","steps":[{"name":"Проверка наличия текста 'Project name is empty'в элементe #errorName","time":{"start":1711282589213,"stop":1711282594233,"duration":5020},"status":"failed","statusMessage":"AssertionError: Locator expected to have text 'Project name is empty'\nActual value:  \nCall log:\nLocatorAssertions.to_have_text with timeout 5000ms\n  - waiting for locator(\"#errorName\")\n  -   locator resolved to <span class=\"error\" id=\"errorName\"></span>\n  -   unexpected value \"\"\n  -   locator resolved to <span class=\"error\" id=\"errorName\"></span>\n  -   unexpected value \"\"\n  -   locator resolved to <span class=\"error\" id=\"errorName\"></span>\n  -   unexpected value \"\"\n  -   locator resolved to <span class=\"error\" id=\"errorName\"></span>\n  -   unexpected value \"\"\n  -   locator resolved to <span class=\"error\" id=\"errorName\"></span>\n  -   unexpected value \"\"\n  -   locator resolved to <span class=\"error\" id=\"errorName\"></span>\n  -   unexpected value \"\"\n  -   locator resolved to <span class=\"error\" id=\"errorName\"></span>\n  -   unexpected value \"\"\n  -   locator resolved to <span class=\"error\" id=\"errorName\"></span>\n  -   unexpected value \"\"\n  -   locator resolved to <span class=\"error\" id=\"errorName\"></span>\n  -   unexpected value \"\"\n\n","statusTrace":"  File \"/home/runner/work/team-city-workshop/team-city-workshop/pages/actions/page_actions.py\", line 65, in assert_text_in_element\n    expect(self.page.locator(selector)).to_have_text(text)\n  File \"/home/runner/.local/lib/python3.10/site-packages/playwright/sync_api/_generated.py\", line 18929, in to_have_text\n    self._sync(\n  File \"/home/runner/.local/lib/python3.10/site-packages/playwright/_impl/_sync_base.py\", line 113, in _sync\n    return task.result()\n  File \"/home/runner/.local/lib/python3.10/site-packages/playwright/_impl/_assertions.py\", line 471, in to_have_text\n    await self._expect_impl(\n  File \"/home/runner/.local/lib/python3.10/site-packages/playwright/_impl/_assertions.py\", line 70, in _expect_impl\n    raise AssertionError(\n","steps":[],"attachments":[],"parameters":[],"shouldDisplayMessage":true,"stepsCount":0,"attachmentsCount":0,"hasContent":true}],"attachments":[],"parameters":[],"shouldDisplayMessage":false,"stepsCount":1,"attachmentsCount":0,"hasContent":true}],"attachments":[],"parameters":[],"shouldDisplayMessage":true,"stepsCount":7,"attachmentsCount":0,"hasContent":true},"afterStages":[{"name":"page::0","time":{"start":1711282594242,"stop":1711282594455,"duration":213},"status":"passed","steps":[{"name":"Teardown: closing browser, stopping playwright, saving trace.zip file","time":{"start":1711282594242,"stop":1711282594455,"duration":213},"status":"passed","steps":[{"name":"Generating trace.zip file","time":{"start":1711282594453,"stop":1711282594455,"duration":2},"status":"passed","steps":[],"attachments":[{"uid":"da3c960f738330d9","name":"test_error_on_project_creation_without_name[webkit]_trace.zip","source":"da3c960f738330d9.attach","type":"application/zip","size":1341270}],"parameters":[],"shouldDisplayMessage":false,"stepsCount":0,"attachmentsCount":1,"hasContent":true}],"attachments":[],"parameters":[{"name":"context","value":"<BrowserContext browser=<Browser type=<BrowserType name=webkit executable_path=/home/runner/.cache/ms-playwright/webkit-1983/pw_run.sh> version=17.4>>"},{"name":"browser","value":"<Browser type=<BrowserType name=webkit executable_path=/home/runner/.cache/ms-playwright/webkit-1983/pw_run.sh> version=17.4>"},{"name":"playwright","value":"<playwright._impl._playwright.Playwright object at 0x7f221dca9540>"},{"name":"test_name","value":"'test_error_on_project_creation_without_name[webkit]'"}],"shouldDisplayMessage":false,"stepsCount":1,"attachmentsCount":1,"hasContent":true}],"attachments":[],"parameters":[],"shouldDisplayMessage":false,"stepsCount":2,"attachmentsCount":1,"hasContent":true}],"labels":[{"name":"severity","value":"normal"},{"name":"story","value":"Создание проекта"},{"name":"feature","value":"Управление проектами"},{"name":"parentSuite","value":"tests.frontend"},{"name":"suite","value":"test_e2e_create_project"},{"name":"subSuite","value":"TestCreateProjectE2E"},{"name":"host","value":"fv-az801-737"},{"name":"thread","value":"9021-MainThread"},{"name":"framework","value":"pytest"},{"name":"language","value":"cpython3"},{"name":"package","value":"tests.frontend.test_e2e_create_project"},{"name":"resultFormat","value":"allure2"}],"parameters":[{"name":"page","value":"'webkit'"}],"links":[],"hidden":false,"retry":false,"extra":{"severity":"normal","retries":[],"categories":[{"name":"Product defects","matchedStatuses":[],"flaky":false}],"tags":[]},"source":"67cb0220efed6fb4.json","parameterValues":["'webkit'"]}